<?xml version="1.0" encoding="UTF-8"?>
<!-- Generated by org.testng.reporters.JUnitXMLReporter -->
<testsuite hostname="Chohees-MBP" ignored="1" name="Test" tests="6" failures="1" timestamp="2023-04-22T10:51:54 EDT" time="111.997" errors="0">
  <testcase name="clickOnSigninLink" time="11.804" classname="automationcode15thApr2023.RediffListenerLoginTest"/>
  <testcase name="enterCredentials" time="1.019" classname="automationcode15thApr2023.RediffListenerLoginTest">
    <failure type="org.testng.internal.thread.ThreadTimeoutException" message="Method automationcode15thApr2023.RediffListenerLoginTest.enterCredentials() didn&amp;apos;t finish within the time-out 1000">
      <![CDATA[org.testng.internal.thread.ThreadTimeoutException: Method automationcode15thApr2023.RediffListenerLoginTest.enterCredentials() didn't finish within the time-out 1000
at java.util.ArrayList.forEach(ArrayList.java:1259)
... Removed 24 stack frames]]>
    </failure>
  </testcase> <!-- enterCredentials -->
  <testcase name="clickOnsigninButton" time="0.0" classname="automationcode15thApr2023.RediffListenerLoginTest">
    <skipped/>
  </testcase> <!-- clickOnsigninButton -->
  <testcase name="clickOnLogoutLink" time="29.787" classname="automationcode15thApr2023.RediffListenerLoginTest"/>
  <testcase name="registerPage" time="14.32" classname="automationcode15thApr2023.TNListenerRegisterTest"/>
  <testcase name="enterLoginCredentials" time="2.531" classname="automationcode15thApr2023.TNListenerLoginTest"/>
  <testcase name="clickOnRediffHomeLink" time="0.0" classname="automationcode15thApr2023.RediffListenerLoginTest">
    <ignored/>
  </testcase> <!-- clickOnRediffHomeLink -->
</testsuite> <!-- Test -->
