<?xml version="1.0" encoding="UTF-8"?>
<testng-results skipped="0" failed="0" ignored="0" total="1" passed="1">
  <reporter-output>
  </reporter-output>
  <suite name="Default suite" duration-ms="14429" started-at="2023-04-23T20:44:12 EDT" finished-at="2023-04-23T20:44:26 EDT">
    <groups>
    </groups>
    <test name="Default test" duration-ms="14429" started-at="2023-04-23T20:44:12 EDT" finished-at="2023-04-23T20:44:26 EDT">
      <class name="automationcode25thMarch2023.Advanced_Xpaths">
        <test-method status="PASS" signature="OpenUrl()[pri:0, instance:automationcode25thMarch2023.Advanced_Xpaths@641147d0]" name="OpenUrl" is-config="true" duration-ms="10846" started-at="2023-04-23T20:44:12 EDT" finished-at="2023-04-23T20:44:23 EDT">
          <reporter-output>
          </reporter-output>
        </test-method> <!-- OpenUrl -->
        <test-method status="PASS" signature="login()[pri:0, instance:automationcode25thMarch2023.Advanced_Xpaths@641147d0]" name="login" duration-ms="3516" started-at="2023-04-23T20:44:23 EDT" finished-at="2023-04-23T20:44:26 EDT">
          <reporter-output>
          </reporter-output>
        </test-method> <!-- login -->
        <test-method status="PASS" signature="tearDown()[pri:0, instance:automationcode25thMarch2023.Advanced_Xpaths@641147d0]" name="tearDown" is-config="true" duration-ms="1" started-at="2023-04-23T20:44:26 EDT" finished-at="2023-04-23T20:44:26 EDT">
          <reporter-output>
          </reporter-output>
        </test-method> <!-- tearDown -->
      </class> <!-- automationcode25thMarch2023.Advanced_Xpaths -->
    </test> <!-- Default test -->
  </suite> <!-- Default suite -->
</testng-results>
